17:41:20.750 [main] INFO  - ******************Creating User*****************
17:41:24.102 [main] INFO  - *******user info is displayed******
17:41:24.135 [main] INFO  - ******************Get the details of User*****************
17:41:25.331 [main] INFO  - *******user details is displayed******
17:41:25.342 [main] INFO  - ******************update of User*****************
17:41:27.597 [main] INFO  - ******************updated the change  of User*****************
17:41:27.604 [main] INFO  - ******************Delete of User*****************
17:41:28.706 [main] INFO  - ******************Successfully Delete the User*****************
17:10:44.508 [main] INFO  - ******************Creating User*****************
17:10:44.530 [main] INFO  - ******************Get the details of User*****************
17:10:44.537 [main] INFO  - ******************update of User*****************
17:10:44.545 [main] INFO  - ******************Delete of User*****************
17:16:15.792 [main] INFO  - ******************Creating User*****************
17:16:15.824 [main] INFO  - ******************Get the details of User*****************
17:16:15.829 [main] INFO  - ******************update of User*****************
17:16:15.835 [main] INFO  - ******************Delete of User*****************
17:17:12.170 [main] INFO  - ******************Creating User*****************
17:17:13.358 [main] INFO  - ******************Get the details of User*****************
17:17:13.384 [main] INFO  - ******************update of User*****************
17:17:13.397 [main] INFO  - ******************Delete of User*****************
17:24:44.539 [main] INFO  - ******************Creating User*****************
17:24:45.644 [main] INFO  - ******************Get the details of User*****************
17:24:45.663 [main] INFO  - ******************update of User*****************
17:24:45.672 [main] INFO  - ******************Delete of User*****************
17:25:22.862 [main] INFO  - ******************Creating User*****************
17:25:26.643 [main] INFO  - *******user info is displayed******
17:25:26.672 [main] INFO  - ******************Get the details of User*****************
17:25:27.820 [main] INFO  - *******user details is displayed******
17:25:27.831 [main] INFO  - ******************update of User*****************
17:25:30.058 [main] INFO  - ******************updated the change  of User*****************
17:25:30.068 [main] INFO  - ******************Delete of User*****************
17:25:31.167 [main] INFO  - ******************Successfully Delete the User*****************
17:33:26.211 [main] INFO  - ******************Creating User*****************
17:33:27.447 [main] INFO  - ******************Get the details of User*****************
17:33:27.467 [main] INFO  - ******************update of User*****************
17:33:27.478 [main] INFO  - ******************Delete of User*****************
17:38:53.395 [main] INFO  - ******************Creating User*****************
17:38:56.745 [main] INFO  - *******user info is displayed******
17:38:56.771 [main] INFO  - ******************Get the details of User*****************
17:38:57.944 [main] INFO  - *******user details is displayed******
17:38:57.952 [main] INFO  - ******************update of User*****************
17:38:57.967 [main] INFO  - ******************Delete of User*****************
17:38:59.082 [main] INFO  - ******************Successfully Delete the User*****************
17:40:19.640 [main] INFO  - ******************Creating User*****************
17:40:23.431 [main] INFO  - *******user info is displayed******
17:40:23.459 [main] INFO  - ******************Get the details of User*****************
17:40:24.632 [main] INFO  - *******user details is displayed******
17:40:24.642 [main] INFO  - ******************update of User*****************
17:40:27.056 [main] INFO  - ******************updated the change  of User*****************
17:40:27.064 [main] INFO  - ******************Delete of User*****************
17:40:28.146 [main] INFO  - ******************Successfully Delete the User*****************
13:56:21.851 [main] INFO  - ******************Creating User*****************
13:56:25.582 [main] INFO  - *******user info is displayed******
13:56:25.602 [main] INFO  - ******************Get the details of User*****************
13:56:26.818 [main] INFO  - *******user details is displayed******
13:56:26.825 [main] INFO  - ******************update of User*****************
13:56:29.261 [main] INFO  - ******************updated the change  of User*****************
13:56:29.268 [main] INFO  - ******************Delete of User*****************
13:56:30.380 [main] INFO  - ******************Successfully Delete the User*****************
16:11:40.408 [main] INFO  - ******************Creating User*****************
16:11:42.195 [main] INFO  - *******user info is displayed******
16:11:42.198 [main] INFO  - ******************Get the details of User*****************
16:11:43.336 [main] INFO  - *******user details is displayed******
16:11:43.339 [main] INFO  - ******************update of User*****************
16:11:45.587 [main] INFO  - ******************updated the change  of User*****************
16:11:45.589 [main] INFO  - ******************Delete of User*****************
16:11:46.652 [main] INFO  - ******************Successfully Delete the User*****************
